\BOOKMARK [0][-]{chapter.0}{Table of Contents}{}% 1
\BOOKMARK [0][-]{chapter*.3}{List of Figures}{}% 2
\BOOKMARK [0][-]{chapter*.4}{Abstract}{}% 3
\BOOKMARK [0][-]{chapter.1}{1 Introduction }{}% 4
\BOOKMARK [1][-]{section.1.1}{1.1 Introduce the problem \(acoustic propagation in a IW environment\)}{chapter.1}% 5
\BOOKMARK [2][-]{subsection.1.1.1}{1.1.1 Solitons in ocean}{section.1.1}% 6
\BOOKMARK [2][-]{subsection.1.1.2}{1.1.2 Acoustical effects of solitons}{section.1.1}% 7
\BOOKMARK [1][-]{section.1.2}{1.2 Outline of Thesis}{chapter.1}% 8
\BOOKMARK [0][-]{chapter.2}{2 Theory of shallow water waveguide and computer models}{}% 9
\BOOKMARK [1][-]{section.2.1}{2.1 Linear Wave Equation and Helmholtz Equation}{chapter.2}% 10
\BOOKMARK [1][-]{section.2.2}{2.2 Normal Modes}{chapter.2}% 11
\BOOKMARK [2][-]{subsection.2.2.1}{2.2.1 Normal Modes for Range-Independent Environments }{section.2.2}% 12
\BOOKMARK [2][-]{subsection.2.2.2}{2.2.2 Normal Modes for Range-dependent Environments }{section.2.2}% 13
\BOOKMARK [2][-]{subsection.2.2.3}{2.2.3 Normal Modes for 3-D Environments}{section.2.2}% 14
\BOOKMARK [3][-]{section*.5}{Horizontal Refraction Equation}{subsection.2.2.3}% 15
\BOOKMARK [2][-]{subsection.2.2.4}{2.2.4 Mode Filtering}{section.2.2}% 16
\BOOKMARK [1][-]{section.2.3}{2.3 Parabolic Equation}{chapter.2}% 17
\BOOKMARK [2][-]{subsection.2.3.1}{2.3.1 Split-Step Fourier Transform Method}{section.2.3}% 18
\BOOKMARK [2][-]{subsection.2.3.2}{2.3.2 Standard and Wide Angle Approximation}{section.2.3}% 19
\BOOKMARK [1][-]{section.2.4}{2.4 A Brief introduction to Nonlinear Internal Waves \(Soliton\)}{chapter.2}% 20
\BOOKMARK [2][-]{subsection.2.4.1}{2.4.1 Reconstruction of 3D IW environment }{section.2.4}% 21
\BOOKMARK [3][-]{section*.6}{The leading front of internal wave maintains a straight line}{subsection.2.4.1}% 22
\BOOKMARK [3][-]{section*.7}{Waveform changes only slightly along fronts}{subsection.2.4.1}% 23
\BOOKMARK [3][-]{section*.8}{Constant internal wave speed and direction}{subsection.2.4.1}% 24
\BOOKMARK [2][-]{subsection.2.4.2}{2.4.2 Water temperature extrapolation}{section.2.4}% 25
\BOOKMARK [2][-]{subsection.2.4.3}{2.4.3 Reconstruct a 3D temperature field}{section.2.4}% 26
\BOOKMARK [0][-]{chapter.3}{3 Shallow Water 2006 Experiment}{}% 27
\BOOKMARK [1][-]{section.3.1}{3.1 Experiment site and environment moorings}{chapter.3}% 28
\BOOKMARK [1][-]{section.3.2}{3.2 Acoustic moorings}{chapter.3}% 29
\BOOKMARK [2][-]{subsection.3.2.1}{3.2.1 Sources}{section.3.2}% 30
\BOOKMARK [2][-]{subsection.3.2.2}{3.2.2 Receiver array}{section.3.2}% 31
\BOOKMARK [1][-]{section.3.3}{3.3 Internal wave observation}{chapter.3}% 32
\BOOKMARK [2][-]{subsection.3.3.1}{3.3.1 Internal wave event 50}{section.3.3}% 33
\BOOKMARK [0][-]{chapter.4}{4 Acoustic Observations in Event 50}{}% 34
\BOOKMARK [1][-]{section.4.1}{4.1 Transmission from the fixed source\(NRL 300Hz\)}{chapter.4}% 35
\BOOKMARK [2][-]{subsection.4.1.1}{4.1.1 Phase I: 20:30-20:37GMT \046 21:00-21:07GMT}{section.4.1}% 36
\BOOKMARK [2][-]{subsection.4.1.2}{4.1.2 Phase II: 21:30-21:37GMT}{section.4.1}% 37
\BOOKMARK [2][-]{subsection.4.1.3}{4.1.3 Phase III: 22:00-22:07GMT, 22:30-22:37GMT, 23:00-23:07GMT \046 23:30-23:37GMT}{section.4.1}% 38
\BOOKMARK [2][-]{subsection.4.1.4}{4.1.4 Phase IV: after 23:30GMT}{section.4.1}% 39
\BOOKMARK [2][-]{subsection.4.1.5}{4.1.5 23:00GMT-23:07GMT}{section.4.1}% 40
\BOOKMARK [2][-]{subsection.4.1.6}{4.1.6 23:30GMT-23:37GMT}{section.4.1}% 41
\BOOKMARK [1][-]{section.4.2}{4.2 Transmissions from mobile source \(R/V Sharp\)}{chapter.4}% 42
\BOOKMARK [2][-]{subsection.4.2.1}{4.2.1 21:11GMT-21:27GMT}{section.4.2}% 43
\BOOKMARK [2][-]{subsection.4.2.2}{4.2.2 21:41GMT-21:57GMT}{section.4.2}% 44
\BOOKMARK [2][-]{subsection.4.2.3}{4.2.3 22:11GMT-22:27GMT}{section.4.2}% 45
\BOOKMARK [2][-]{subsection.4.2.4}{4.2.4 22:41GMT-22:57GMT}{section.4.2}% 46
\BOOKMARK [2][-]{subsection.4.2.5}{4.2.5 23:11GMT-23:27GMT}{section.4.2}% 47
\BOOKMARK [0][-]{chapter.5}{5 Analysis and modeling}{}% 48
\BOOKMARK [1][-]{section.5.1}{5.1 \040Intensity fluctuation and statistics}{chapter.5}% 49
\BOOKMARK [1][-]{section.5.2}{5.2 Acoustic signal coherence time and length}{chapter.5}% 50
\BOOKMARK [2][-]{subsection.5.2.1}{5.2.1 Fixed source}{section.5.2}% 51
\BOOKMARK [2][-]{subsection.5.2.2}{5.2.2 Moving source}{section.5.2}% 52
\BOOKMARK [1][-]{section.5.3}{5.3 Behavior of horizontal ray beams}{chapter.5}% 53
\BOOKMARK [2][-]{subsection.5.3.1}{5.3.1 Horizontal Ray}{section.5.3}% 54
\BOOKMARK [2][-]{subsection.5.3.2}{5.3.2 Horizontal beamforming}{section.5.3}% 55
\BOOKMARK [2][-]{subsection.5.3.3}{5.3.3 Single mode propagation}{section.5.3}% 56
\BOOKMARK [2][-]{subsection.5.3.4}{5.3.4 Mode coupling}{section.5.3}% 57
\BOOKMARK [1][-]{section.5.4}{5.4 Horizontal Lloyd's mirror effect}{chapter.5}% 58
\BOOKMARK [2][-]{subsection.5.4.1}{5.4.1 Two-dimensional case}{section.5.4}% 59
\BOOKMARK [2][-]{subsection.5.4.2}{5.4.2 Three-dimensional case}{section.5.4}% 60
\BOOKMARK [0][-]{chapter.6}{6 Summary}{}% 61
\BOOKMARK [0][-]{chapter*.10}{Bibliography}{}% 62
